<!DOCTYPE html PUBLIC "-//W3C//DTD XHTML 1.1//EN" "https://www.w3.org/TR/xhtml11/DTD/xhtml11.dtd">
<html xmlns="https://www.w3.org/1999/xhtml">
<head>
<meta http-equiv="content-type" content="text/html; charset=UTF-8"/>
<title>TestNG Report</title>
<style type="text/css">table {margin-bottom:10px;border-collapse:collapse;empty-cells:show}th,td {border:1px solid #009;padding:.25em .5em}th {vertical-align:bottom}td {vertical-align:top}table a {font-weight:bold}.stripe td {background-color: #E6EBF9}.num {text-align:right}.passedodd td {background-color: #3F3}.passedeven td {background-color: #0A0}.skippedodd td {background-color: #DDD}.skippedeven td {background-color: #CCC}.failedodd td,.attn {background-color: #F33}.failedeven td,.stripe .attn {background-color: #D00}.stacktrace {white-space:pre;font-family:monospace}.totop {font-size:85%;text-align:center;border-bottom:2px solid #000}.invisible {display:none}</style>
</head>
<body>
<table>
<tr><th>Test</th><th># Passed</th><th># Skipped</th><th># Retried</th><th># Failed</th><th>Time (ms)</th><th>Included Groups</th><th>Excluded Groups</th></tr>
<tr><th colspan="8">Data Driven Basics</th></tr>
<tr><td><a href="#t0">Bank Manager Login Test</a></td><td class="num">0</td><td class="num">0</td><td class="num">0</td><td class="num attn">1</td><td class="num">6,073</td><td></td><td></td></tr>
<tr class="stripe"><td><a href="#t1">Add Customer Test</a></td><td class="num">2</td><td class="num attn">1</td><td class="num">0</td><td class="num">0</td><td class="num">8,842</td><td></td><td></td></tr>
<tr><td><a href="#t2">Open Account Test</a></td><td class="num">2</td><td class="num attn">1</td><td class="num">0</td><td class="num">0</td><td class="num">7,884</td><td></td><td></td></tr>
<tr><th>Total</th><th class="num">4</th><th class="num attn">2</th><th class="num">0</th><th class="num attn">1</th><th class="num">22,799</th><th colspan="2"></th></tr>
</table>
<table id='summary'><thead><tr><th>Class</th><th>Method</th><th>Start</th><th>Time (ms)</th></tr></thead><tbody><tr><th colspan="4">Data Driven Basics</th></tr></tbody><tbody id="t0"><tr><th colspan="4">Bank Manager Login Test &#8212; failed</th></tr><tr class="failedeven"><td rowspan="1">com.learning.testcases.BankManagerLoginTest</td><td><a href="#m0">bankManagerLoginTest</a></td><td rowspan="1">1609412723599</td><td rowspan="1">5138</td></tr></tbody>
<tbody id="t1"><tr><th colspan="4">Add Customer Test &#8212; skipped</th></tr><tr class="skippedeven"><td rowspan="1">com.learning.testcases.AddCustomerTest</td><td><a href="#m1">addCustomerTest</a></td><td rowspan="1">1609412735549</td><td rowspan="1">0</td></tr><tr><th colspan="4">Add Customer Test &#8212; passed</th></tr><tr class="passedeven"><td rowspan="2">com.learning.testcases.AddCustomerTest</td><td><a href="#m2">addCustomerTest</a></td><td rowspan="2">1609412735578</td><td rowspan="2">3423</td></tr><tr class="passedeven"><td><a href="#m3">addCustomerTest</a></td></tr></tbody>
<tbody id="t2"><tr><th colspan="4">Open Account Test &#8212; skipped</th></tr><tr class="skippedeven"><td rowspan="1">com.learning.testcases.OpenAccountTest</td><td><a href="#m4">openAccountTest</a></td><td rowspan="1">1609412743582</td><td rowspan="1">0</td></tr><tr><th colspan="4">Open Account Test &#8212; passed</th></tr><tr class="passedeven"><td rowspan="2">com.learning.testcases.OpenAccountTest</td><td><a href="#m5">openAccountTest</a></td><td rowspan="2">1609412743607</td><td rowspan="2">3299</td></tr><tr class="passedeven"><td><a href="#m6">openAccountTest</a></td></tr></tbody>
</table>
<h2>Bank Manager Login Test</h2><h3 id="m0">com.learning.testcases.BankManagerLoginTest#bankManagerLoginTest</h3><table class="result"><tr><th>Messages</th></tr><tr><td><div class="messages"><br>Verification failure : expected [Protractor practice website - Banking App] but found [Title]<br><br/><a target="_blank" href=Thu_Dec_31_16_35_25_IST_2020.jpg><img src=Thu_Dec_31_16_35_25_IST_2020.jpg height=200 width=200></img></a><br/><br><br/><br><br/>Reporter.log() - Login Test successfully executed<br/>Capturing Screenshot.......<br/><a target="_blank" href=Thu_Dec_31_16_35_29_IST_2020.jpg>Screenshot in new Window</a><br/><br><br/><a target="_blank" href=Thu_Dec_31_16_35_29_IST_2020.jpg><img height=200 width=200 src=Thu_Dec_31_16_35_29_IST_2020.jpg></div></td></tr><tr><th>Exception</th></tr><tr><td><div class="stacktrace">java.lang.AssertionError: Bank Manager Login failed
	at com.learning.testcases.BankManagerLoginTest.bankManagerLoginTest(BankManagerLoginTest.java:40)
	at java.util.ArrayList.forEach(ArrayList.java:1257)
... Removed 31 stack frames</div></td></tr></table><p class="totop"><a href="#summary">back to summary</a></p>
<h2>Add Customer Test</h2><h3 id="m1">com.learning.testcases.AddCustomerTest#addCustomerTest</h3><table class="result"><tr class="param"><th>Parameter #1</th></tr><tr class="param stripe"><td>{postCode=125001.0, RunMode=N, lastName=Sharma, firstName=Shreya}</td></tr><tr><th>Exception</th></tr><tr><td><div class="stacktrace">org.testng.SkipException: Skipping the test case as the Run mode for data set is NO
	at com.learning.testcases.AddCustomerTest.addCustomerTest(AddCustomerTest.java:24)
	at java.util.ArrayList.forEach(ArrayList.java:1257)
... Removed 30 stack frames</div></td></tr></table><p class="totop"><a href="#summary">back to summary</a></p>
<h3 id="m2">com.learning.testcases.AddCustomerTest#addCustomerTest</h3><table class="result"><tr class="param"><th>Parameter #1</th></tr><tr class="param stripe"><td>{postCode=110009.0, RunMode=Y, lastName=Arora, firstName=Minakshi}</td></tr></table><p class="totop"><a href="#summary">back to summary</a></p>
<h3 id="m3">com.learning.testcases.AddCustomerTest#addCustomerTest</h3><table class="result"><tr class="param"><th>Parameter #1</th></tr><tr class="param stripe"><td>{postCode=500089.0, RunMode=Y, lastName=Verma, firstName=Rajat}</td></tr></table><p class="totop"><a href="#summary">back to summary</a></p>
<h2>Open Account Test</h2><h3 id="m4">com.learning.testcases.OpenAccountTest#openAccountTest</h3><table class="result"><tr class="param"><th>Parameter #1</th></tr><tr class="param stripe"><td>{currency=Rupee, RunMode=N, customer=Shreya}</td></tr><tr><th>Exception</th></tr><tr><td><div class="stacktrace">org.testng.SkipException: Skipping the test case as the Run mode for data set is NO
	at com.learning.testcases.OpenAccountTest.openAccountTest(OpenAccountTest.java:23)
	at java.util.ArrayList.forEach(ArrayList.java:1257)
... Removed 30 stack frames</div></td></tr></table><p class="totop"><a href="#summary">back to summary</a></p>
<h3 id="m5">com.learning.testcases.OpenAccountTest#openAccountTest</h3><table class="result"><tr class="param"><th>Parameter #1</th></tr><tr class="param stripe"><td>{currency=Pound, RunMode=Y, customer=Minakshi}</td></tr></table><p class="totop"><a href="#summary">back to summary</a></p>
<h3 id="m6">com.learning.testcases.OpenAccountTest#openAccountTest</h3><table class="result"><tr class="param"><th>Parameter #1</th></tr><tr class="param stripe"><td>{currency=Dollar, RunMode=Y, customer=Rajat}</td></tr></table><p class="totop"><a href="#summary">back to summary</a></p>
</body>
</html>
