<?xml version="1.0" encoding="UTF-8"?>
<testng-results skipped="0" failed="1" ignored="6" total="10" passed="3">
  <reporter-output>
    <line>
      <![CDATA[Reporter.log() - Login Test successfully executed]]>
    </line>
  </reporter-output>
  <suite name="Default suite" duration-ms="13332" started-at="2020-12-30T12:29:33 IST" finished-at="2020-12-30T12:29:46 IST">
    <groups>
    </groups>
    <test name="Default test" duration-ms="13332" started-at="2020-12-30T12:29:33 IST" finished-at="2020-12-30T12:29:46 IST">
      <class name="com.learning.testcases.BankManagerLoginTest">
        <test-method status="PASS" signature="setup()[pri:0, instance:com.learning.testcases.BankManagerLoginTest@2002fc1d]" name="setup" is-config="true" duration-ms="9582" started-at="2020-12-30T12:29:23 IST" finished-at="2020-12-30T12:29:33 IST">
          <reporter-output>
          </reporter-output>
        </test-method> <!-- setup -->
        <test-method status="FAIL" signature="loginAsBankManager()[pri:0, instance:com.learning.testcases.BankManagerLoginTest@2002fc1d]" name="loginAsBankManager" duration-ms="2259" started-at="2020-12-30T12:29:33 IST" finished-at="2020-12-30T12:29:35 IST">
          <exception class="java.lang.AssertionError">
            <message>
              <![CDATA[Bank Manager Login failed]]>
            </message>
            <full-stacktrace>
              <![CDATA[java.lang.AssertionError: Bank Manager Login failed
at org.testng.Assert.fail(Assert.java:99)
at com.learning.testcases.BankManagerLoginTest.loginAsBankManager(BankManagerLoginTest.java:31)
at sun.reflect.NativeMethodAccessorImpl.invoke0(Native Method)
at sun.reflect.NativeMethodAccessorImpl.invoke(NativeMethodAccessorImpl.java:62)
at sun.reflect.DelegatingMethodAccessorImpl.invoke(DelegatingMethodAccessorImpl.java:43)
at java.lang.reflect.Method.invoke(Method.java:498)
at org.testng.internal.MethodInvocationHelper.invokeMethod(MethodInvocationHelper.java:132)
at org.testng.internal.TestInvoker.invokeMethod(TestInvoker.java:599)
at org.testng.internal.TestInvoker.invokeTestMethod(TestInvoker.java:174)
at org.testng.internal.MethodRunner.runInSequence(MethodRunner.java:46)
at org.testng.internal.TestInvoker$MethodInvocationAgent.invoke(TestInvoker.java:822)
at org.testng.internal.TestInvoker.invokeTestMethods(TestInvoker.java:147)
at org.testng.internal.TestMethodWorker.invokeTestMethods(TestMethodWorker.java:146)
at org.testng.internal.TestMethodWorker.run(TestMethodWorker.java:128)
at java.util.ArrayList.forEach(ArrayList.java:1257)
at org.testng.TestRunner.privateRun(TestRunner.java:764)
at org.testng.TestRunner.run(TestRunner.java:585)
at org.testng.SuiteRunner.runTest(SuiteRunner.java:384)
at org.testng.SuiteRunner.runSequentially(SuiteRunner.java:378)
at org.testng.SuiteRunner.privateRun(SuiteRunner.java:337)
at org.testng.SuiteRunner.run(SuiteRunner.java:286)
at org.testng.SuiteRunnerWorker.runSuite(SuiteRunnerWorker.java:53)
at org.testng.SuiteRunnerWorker.run(SuiteRunnerWorker.java:96)
at org.testng.TestNG.runSuitesSequentially(TestNG.java:1218)
at org.testng.TestNG.runSuitesLocally(TestNG.java:1140)
at org.testng.TestNG.runSuites(TestNG.java:1069)
at org.testng.TestNG.run(TestNG.java:1037)
at org.testng.remote.AbstractRemoteTestNG.run(AbstractRemoteTestNG.java:115)
at org.testng.remote.RemoteTestNG.initAndRun(RemoteTestNG.java:251)
at org.testng.remote.RemoteTestNG.main(RemoteTestNG.java:77)
]]>
            </full-stacktrace>
          </exception> <!-- java.lang.AssertionError -->
          <reporter-output>
            <line>
              <![CDATA[Reporter.log() - Login Test successfully executed]]>
            </line>
          </reporter-output>
        </test-method> <!-- loginAsBankManager -->
        <test-method status="PASS" signature="tearDown()[pri:0, instance:com.learning.testcases.BankManagerLoginTest@2002fc1d]" name="tearDown" is-config="true" duration-ms="807" started-at="2020-12-30T12:29:46 IST" finished-at="2020-12-30T12:29:47 IST">
          <reporter-output>
          </reporter-output>
        </test-method> <!-- tearDown -->
      </class> <!-- com.learning.testcases.BankManagerLoginTest -->
      <class name="com.learning.testcases.AddCustomerTest">
        <test-method status="PASS" signature="addCustomer(java.lang.String, java.lang.String, java.lang.String)[pri:0, instance:com.learning.testcases.AddCustomerTest@69453e37]" name="addCustomer" duration-ms="4065" started-at="2020-12-30T12:29:35 IST" data-provider="getData" finished-at="2020-12-30T12:29:39 IST">
          <params>
            <param index="0">
              <value>
                <![CDATA[Rajat]]>
              </value>
            </param>
            <param index="1">
              <value>
                <![CDATA[Verma]]>
              </value>
            </param>
            <param index="2">
              <value>
                <![CDATA[500089.0]]>
              </value>
            </param>
          </params>
          <reporter-output>
          </reporter-output>
        </test-method> <!-- addCustomer -->
        <test-method status="PASS" signature="addCustomer(java.lang.String, java.lang.String, java.lang.String)[pri:0, instance:com.learning.testcases.AddCustomerTest@69453e37]" name="addCustomer" duration-ms="3444" started-at="2020-12-30T12:29:39 IST" data-provider="getData" finished-at="2020-12-30T12:29:42 IST">
          <params>
            <param index="0">
              <value>
                <![CDATA[Shreya]]>
              </value>
            </param>
            <param index="1">
              <value>
                <![CDATA[Sharma]]>
              </value>
            </param>
            <param index="2">
              <value>
                <![CDATA[125001.0]]>
              </value>
            </param>
          </params>
          <reporter-output>
          </reporter-output>
        </test-method> <!-- addCustomer -->
        <test-method status="PASS" signature="addCustomer(java.lang.String, java.lang.String, java.lang.String)[pri:0, instance:com.learning.testcases.AddCustomerTest@69453e37]" name="addCustomer" duration-ms="3514" started-at="2020-12-30T12:29:42 IST" data-provider="getData" finished-at="2020-12-30T12:29:46 IST">
          <params>
            <param index="0">
              <value>
                <![CDATA[Minakshi]]>
              </value>
            </param>
            <param index="1">
              <value>
                <![CDATA[Arora]]>
              </value>
            </param>
            <param index="2">
              <value>
                <![CDATA[110009.0]]>
              </value>
            </param>
          </params>
          <reporter-output>
          </reporter-output>
        </test-method> <!-- addCustomer -->
      </class> <!-- com.learning.testcases.AddCustomerTest -->
    </test> <!-- Default test -->
  </suite> <!-- Default suite -->
</testng-results>
